<?xml version="1.0" encoding="UTF-8"?>
<!-- Generated by org.testng.reporters.JUnitXMLReporter -->
<testsuite ignored="2" hostname="DESKTOP-IPELP4C" failures="0" tests="1" name="Default test" time="18.846" errors="0" timestamp="2023-12-06T17:05:33 EET">
  <testcase classname="swagLab.ExamClass" name="SignUp" time="10.543"/>
  <testcase classname="swagLab.ExamClass" name="logoutTest" time="0.0">
    <ignored/>
  </testcase> <!-- logoutTest -->
  <testcase classname="swagLab.ExamClass" name="Login" time="0.0">
    <ignored/>
  </testcase> <!-- Login -->
</testsuite> <!-- Default test -->
