<?xml version="1.0" encoding="UTF-8"?>
<testng-results ignored="2" total="3" passed="1" failed="0" skipped="0">
  <reporter-output>
  </reporter-output>
  <suite started-at="2023-12-06T17:05:14 EET" name="Default suite" finished-at="2023-12-06T17:05:32 EET" duration-ms="18846">
    <groups>
    </groups>
    <test started-at="2023-12-06T17:05:14 EET" name="Default test" finished-at="2023-12-06T17:05:32 EET" duration-ms="18846">
      <class name="swagLab.ExamClass">
        <test-method is-config="true" signature="SetUp()[pri:0, instance:swagLab.ExamClass@5ad10c1a]" started-at="2023-12-06T17:05:14 EET" name="SetUp" finished-at="2023-12-06T17:05:22 EET" duration-ms="8019" status="PASS">
          <reporter-output>
          </reporter-output>
        </test-method> <!-- SetUp -->
        <test-method signature="SignUp()[pri:1, instance:swagLab.ExamClass@5ad10c1a]" started-at="2023-12-06T17:05:22 EET" name="SignUp" finished-at="2023-12-06T17:05:32 EET" duration-ms="10543" status="PASS">
          <reporter-output>
          </reporter-output>
        </test-method> <!-- SignUp -->
        <test-method is-config="true" signature="EndTest()[pri:0, instance:swagLab.ExamClass@5ad10c1a]" started-at="2023-12-06T17:05:32 EET" name="EndTest" finished-at="2023-12-06T17:05:32 EET" duration-ms="1" status="PASS">
          <reporter-output>
          </reporter-output>
        </test-method> <!-- EndTest -->
      </class> <!-- swagLab.ExamClass -->
    </test> <!-- Default test -->
  </suite> <!-- Default suite -->
</testng-results>
